
> project-atlas-backend@0.1.0 dev
> nodemon src/index.ts

[33m[nodemon] 3.1.10[39m
[33m[nodemon] to restart at any time, enter `rs`[39m
[33m[nodemon] watching path(s): src\**\*[39m
[33m[nodemon] watching extensions: ts,json[39m
[32m[nodemon] starting `ts-node src/index.ts src/index.ts`[39m
[33mwarn[39m: ⚠️  JWT_SECRET contains default value - please change it {"service":"project-atlas-backend","timestamp":"2025-07-23T00:40:43.958Z"}
[33mwarn[39m: ⚠️  SESSION_SECRET contains default value - please change it {"service":"project-atlas-backend","timestamp":"2025-07-23T00:40:43.960Z"}
[32minfo[39m: ✅ Environment variables validated successfully {"service":"project-atlas-backend","timestamp":"2025-07-23T00:40:43.961Z"}
[32minfo[39m: Environment: development {"service":"project-atlas-backend","timestamp":"2025-07-23T00:40:43.961Z"}
[32minfo[39m: Database: ./data/atlas.db {"service":"project-atlas-backend","timestamp":"2025-07-23T00:40:43.961Z"}
[32minfo[39m: Redis: Enabled {"service":"project-atlas-backend","timestamp":"2025-07-23T00:40:43.961Z"}
[32minfo[39m: Starting Project Atlas Backend Server... {"service":"project-atlas-backend","timestamp":"2025-07-23T00:40:43.968Z"}
[32minfo[39m: Initializing database... {"service":"project-atlas-backend","timestamp":"2025-07-23T00:40:43.968Z"}
[32minfo[39m: Database schema initialized successfully {"service":"project-atlas-backend","timestamp":"2025-07-23T00:40:43.971Z"}
[32minfo[39m: No migrations directory found, skipping migrations {"service":"project-atlas-backend","timestamp":"2025-07-23T00:40:43.972Z"}
[32minfo[39m: ✅ Database initialized successfully at ./data/atlas.db {"service":"project-atlas-backend","timestamp":"2025-07-23T00:40:43.972Z"}
[32minfo[39m: ✅ Database initialized successfully {"service":"project-atlas-backend","timestamp":"2025-07-23T00:40:43.972Z"}
[32minfo[39m: Initializing Redis... {"service":"project-atlas-backend","timestamp":"2025-07-23T00:40:43.972Z"}
[32minfo[39m: Redis client connected {"service":"project-atlas-backend","timestamp":"2025-07-23T00:40:43.987Z"}
[32minfo[39m: Redis client ready {"service":"project-atlas-backend","timestamp":"2025-07-23T00:40:43.988Z"}
[32minfo[39m: Redis initialized successfully {"service":"project-atlas-backend","timestamp":"2025-07-23T00:40:43.989Z"}
[32minfo[39m: ✅ Redis initialized successfully {"service":"project-atlas-backend","timestamp":"2025-07-23T00:40:43.989Z"}
[31merror[39m: Port 3001 is already in use {"service":"project-atlas-backend","timestamp":"2025-07-23T00:40:43.990Z"}
[31m[nodemon] app crashed - waiting for file changes before starting...[39m
[32m[nodemon] restarting due to changes...[39m
[32m[nodemon] starting `ts-node src/index.ts src/index.ts`[39m
[33mwarn[39m: ⚠️  JWT_SECRET contains default value - please change it {"service":"project-atlas-backend","timestamp":"2025-07-23T00:45:29.058Z"}
[33mwarn[39m: ⚠️  SESSION_SECRET contains default value - please change it {"service":"project-atlas-backend","timestamp":"2025-07-23T00:45:29.061Z"}
[32minfo[39m: ✅ Environment variables validated successfully {"service":"project-atlas-backend","timestamp":"2025-07-23T00:45:29.061Z"}
[32minfo[39m: Environment: development {"service":"project-atlas-backend","timestamp":"2025-07-23T00:45:29.062Z"}
[32minfo[39m: Database: ./data/atlas.db {"service":"project-atlas-backend","timestamp":"2025-07-23T00:45:29.062Z"}
[32minfo[39m: Redis: Enabled {"service":"project-atlas-backend","timestamp":"2025-07-23T00:45:29.062Z"}
[32minfo[39m: Starting Project Atlas Backend Server... {"service":"project-atlas-backend","timestamp":"2025-07-23T00:45:29.069Z"}
[32minfo[39m: Initializing database... {"service":"project-atlas-backend","timestamp":"2025-07-23T00:45:29.069Z"}
[32minfo[39m: Database schema initialized successfully {"service":"project-atlas-backend","timestamp":"2025-07-23T00:45:29.075Z"}
[32minfo[39m: No migrations directory found, skipping migrations {"service":"project-atlas-backend","timestamp":"2025-07-23T00:45:29.076Z"}
[32minfo[39m: ✅ Database initialized successfully at ./data/atlas.db {"service":"project-atlas-backend","timestamp":"2025-07-23T00:45:29.076Z"}
[32minfo[39m: ✅ Database initialized successfully {"service":"project-atlas-backend","timestamp":"2025-07-23T00:45:29.076Z"}
[32minfo[39m: Initializing Redis... {"service":"project-atlas-backend","timestamp":"2025-07-23T00:45:29.076Z"}
[32minfo[39m: Redis client connected {"service":"project-atlas-backend","timestamp":"2025-07-23T00:45:29.092Z"}
[32minfo[39m: Redis client ready {"service":"project-atlas-backend","timestamp":"2025-07-23T00:45:29.093Z"}
[32minfo[39m: Redis initialized successfully {"service":"project-atlas-backend","timestamp":"2025-07-23T00:45:29.093Z"}
[32minfo[39m: ✅ Redis initialized successfully {"service":"project-atlas-backend","timestamp":"2025-07-23T00:45:29.093Z"}
[31merror[39m: Port 3001 is already in use {"service":"project-atlas-backend","timestamp":"2025-07-23T00:45:29.094Z"}
[31m[nodemon] app crashed - waiting for file changes before starting...[39m
